<?xml version="1.0" encoding="UTF-8"?>
<!-- Generated by org.testng.reporters.JUnitReportReporter -->
<testsuite hostname="DESKTOP-3HPBL23" name="Pack2.TestClass1" tests="2" failures="0" timestamp="13 Sep 2016 04:26:45 GMT" time="0.011" errors="0">
  <testcase name="TestClass1_Method1" time="0.010" classname="Pack2.TestClass1"/>
  <testcase name="TestClass1_Method2" time="0.001" classname="Pack2.TestClass1"/>
</testsuite> <!-- Pack2.TestClass1 -->
