<?xml version="1.0" encoding="UTF-8"?>
<!-- Generated by org.testng.reporters.JUnitReportReporter -->
<testsuite hostname="DESKTOP-3HPBL23" name="Pack3.TestClass2" tests="2" failures="0" timestamp="13 Sep 2016 04:38:10 GMT" time="0.013" errors="0">
  <testcase name="TestClass2_Method1" time="0.010" classname="Pack3.TestClass2"/>
  <testcase name="TestClass2_Method2" time="0.003" classname="Pack3.TestClass2"/>
</testsuite> <!-- Pack3.TestClass2 -->
